NOTE: Copyright (c) 2016 by SAS Institute Inc., Cary, NC, USA.
NOTE: SAS (r) Proprietary Software 9.4 (TS1M7)
      Licensed to UNIVERSITY OF COLORADO SYSTEM - SFA - T&R, Site 70082279.
NOTE: This session is executing on the X64_10PRO  platform.



NOTE: Analytical products:

      SAS/STAT 15.2
      SAS/ETS 15.2
      SAS/OR 15.2
      SAS/IML 15.2
      SAS/QC 15.2

NOTE: Additional host information:

 X64_10PRO WIN 10.0.19041  Workstation

NOTE: SAS initialization used:
      real time           0.80 seconds
      cpu time            0.57 seconds

1    %let root = S:/FM/FM/Data_Management_Team;
2    %let raw  = &root/raw data; *Sabrina's uploads;
3    %let in   = &root/norc/03_data_raw;
4    %let form = &root/norc/01_background; *template file;
5    %let code = &root/norc/02_code;
6    %let logs = &root/norc/02_logs;
7    %let upld = &root/norc/05_uploaded_august2022;
8    %let out  = &root/norc/04_data;
9    %let template = &form/norc_templates_comments_20220824.xlsx;
10           *exported doc with templates and comments from NORC db;
11   %let survtemplate = &form./survey_template_order.xlsx;
12   filename survtemp "&survtemplate";

13   %let template = &form/norc_templates_comments_20220824.xlsx;
14           *exported doc with templates and comments from NORC db;
15   %let survtemplate = &form./survey_template_order.xlsx;
16   filename survtemp "&survtemplate";

17   %let metrics     = &raw/FASTMetrics_raw_20230120.xlsx;
18   %let metrics_sub = &raw/FASTMetricsSubmission_raw_20230120.xlsx;
19   %let sbirt       = &raw/FASTSBIRT_raw_20230120.xlsx;
20   %let fieldnote   = &raw/FASTFieldnote_raw_20230120.xlsx;
21
22   * non-Qualtrics sets (only need row 1, data starts on row 2;
23   %let meta        = &raw/FASTPracticeMeta_raw_20230120.csv;
24   %let monitor     = &raw/FASTPracticeMonitor_raw_20230120.xlsx;
25   %let survey      = &raw/FASTPracticeSurvey_raw_20230120.csv;
26   %let application = &raw/FASTApplication_raw_20230120.csv;
27   %let template_fields = norc.templates;
28   data _null_;
29     call symputx('datestamp', put(date(),yymmddn8.));
30   run;

NOTE: DATA statement used (Total process time):
      real time           0.03 seconds
      cpu time            0.00 seconds


31   %put &datestamp;
20230123
32   * FOLDERS --------------------------------------------;
33   %let root = S:/FM/FM/Data_Management_Team;
34   %let raw  = &root/raw data; *Sabrina's uploads;
35   %let in   = &root/norc/03_data_raw;
36   %let form = &root/norc/01_background; *template file;
37   %let code = &root/norc/02_code;
38   %let logs = &root/norc/02_logs;
39   %let upld = &root/norc/05_uploaded_august2022;
40   %let out  = &root/norc/04_data;
41
42   * FILES ----------------------------------------------;
43   %let template = &form/norc_templates_comments_20220824.xlsx;
44           *exported doc with templates and comments from NORC db;
45   %let survtemplate = &form./survey_template_order.xlsx;
46   filename survtemp "&survtemplate";
47   * DATA -----------------------------------------------;
48
49   * Qualtrics sets (row 1 = colnames, row2 = labels, row 3 = data);
50   * ctrl+h to replace date using from _08222022 to _20230120 (how Danika saved it);
51   %let metrics     = &raw/FASTMetrics_raw_20230120.xlsx;
52   %let metrics_sub = &raw/FASTMetricsSubmission_raw_20230120.xlsx;
53   %let sbirt       = &raw/FASTSBIRT_raw_20230120.xlsx;
54   %let fieldnote   = &raw/FASTFieldnote_raw_20230120.xlsx;
55
56   * non-Qualtrics sets (only need row 1, data starts on row 2;
57   %let meta        = &raw/FASTPracticeMeta_raw_20230120.csv;
58   %let monitor     = &raw/FASTPracticeMonitor_raw_20230120.xlsx;
59   %let survey      = &raw/FASTPracticeSurvey_raw_20230120.csv;
60   %let application = &raw/FASTApplication_raw_20230120.csv;
61   * Macros ---------------------------------------------;
62   %let template_fields = out.templates;
63
64   * Get date ;
65   data _null_;
66     call symputx('datestamp', put(date(),yymmddn8.));
67   run;

NOTE: DATA statement used (Total process time):
      real time           0.00 seconds
      cpu time            0.00 seconds


68   %put &datestamp;
20230123
69   /*%let filePath="/sasFolder/MyFileName(&datestamp).xlsx";*/
70
71   * LIBNAME --------------------------------------------;
72   libname out "&out";
NOTE: Libref OUT was successfully assigned as follows:
      Engine:        V9
      Physical Name: S:\FM\FM\Data_Management_Team\norc\04_data
73   * Options --------------------------------------------;
74   OPTIONS mprint
75           mlogic
76           symbolgen
77           nonumber
78           validvarname = V7;
79
80   proc format lib = out;
81      value missing .='999';
NOTE: Format MISSING has been written to OUT.FORMATS.
82   run;

NOTE: PROCEDURE FORMAT used (Total process time):
      real time           0.09 seconds
      cpu time            0.03 seconds


83   %let template_order  = out.survey_field_order;
84   proc import
85           file = "&survey."
SYMBOLGEN:  Macro variable SURVEY resolves to S:/FM/FM/Data_Management_Team/raw
            data/FASTPracticeSurvey_raw_20230120.csv
86           out = survey0
87           dbms = csv replace;
88   run;

dqstring="Dr. lu Family Medicine, PLLC"
fmt=
dqstring="SIM learning, RMHP learning , practice transformation team"
fmt=
dqstring="Northeast Colorado Family Medicine Associates, P.C."
fmt=
dqstring="Trey Medical Enterprises, Inc"
fmt=
88 !      *49,69;
89    /**********************************************************************
90    *   PRODUCT:   SAS
91    *   VERSION:   9.4
92    *   CREATOR:   External File Interface
93    *   DATE:      23JAN23
94    *   DESC:      Generated SAS Datastep Code
95    *   TEMPLATE SOURCE:  (None Specified.)
96    ***********************************************************************/
97       data WORK.SURVEY0    ;
98       %let _EFIERR_ = 0; /* set the ERROR detection macro variable */
99       infile 'S:/FM/FM/Data_Management_Team/raw data/FASTPracticeSurvey_raw_20230120.csv'
99 ! delimiter = ',' MISSOVER DSD lrecl=32767 firstobs=2 ;
100         informat recordid best32. ;
101         informat prac_entity_split_id best32. ;
102         informat split_id_verify best32. ;
103         informat name $53. ;
104         informat zip best32. ;
105         informat state $1. ;
106         informat survey_dtd mmddyy10. ;
107         informat consulted___1 best32. ;
108         informat consulted___2 best32. ;
109         informat consulted___3 best32. ;
110         informat consulted___4 best32. ;
111         informat consulted___5 best32. ;
112         informat consulted___6 best32. ;
113         informat consulted___7 best32. ;
114         informat consulted___8 best32. ;
115         informat consulted_other $1. ;
116         informat num_primary best32. ;
117         informat fte_primary best32. ;
118         informat num_psych best32. ;
119         informat fte_psych best32. ;
120         informat num_bhav best32. ;
121         informat fte_bhav best32. ;
122         informat num_nursing best32. ;
123         informat num_front_office best32. ;
124         informat num_peer_pvdr best32. ;
125         informat num_pharm best32. ;
126         informat num_other best32. ;
127         informat patient_visits_wk best32. ;
128         informat patient_provider_day best32. ;
129         informat inpatientcare best32. ;
130         informat race_white best32. ;
131         informat race_black best32. ;
132         informat race_native best32. ;
133         informat race_hawaiian best32. ;
134         informat race_asian best32. ;
135         informat race_other best32. ;
136         informat race_unknown best32. ;
137         informat hispanic best32. ;
138         informat non_hispanic best32. ;
139         informat hispanic_unknown best32. ;
140         informat age_0_17 best32. ;
141         informat age_18_39 best32. ;
142         informat age_40_59 best32. ;
143         informat age_60_75 best32. ;
144         informat age_76up best32. ;
145         informat age_unk best32. ;
146         informat gender_male best32. ;
147         informat gender_female best32. ;
148         informat gender_nonbinary best32. ;
149         informat gender_none best32. ;
150         informat demog_data best32. ;
151         informat underserved best32. ;
152         informat registry___1 best32. ;
153         informat registry___2 best32. ;
154         informat registry___3 best32. ;
155         informat registry___4 best32. ;
156         informat registry___5 best32. ;
157         informat registry___6 best32. ;
158         informat registry___7 best32. ;
159         informat registry___8 best32. ;
160         informat registry___9 best32. ;
161         informat registry_config best32. ;
162         informat teamlearn_formal_train best32. ;
163         informat teamlearn_how_train best32. ;
164         informat teamlearn_name_training best32. ;
165         informat teamlearn_name_train_specify $60. ;
166         informat train_together best32. ;
167         informat train_small_teams best32. ;
168         informat train_idv best32. ;
169         informat fast_practice_survey_complete best32. ;
170         format recordid best12. ;
171         format prac_entity_split_id best12. ;
172         format split_id_verify best12. ;
173         format name $53. ;
174         format zip best12. ;
175         format state $1. ;
176         format survey_dtd mmddyy10. ;
177         format consulted___1 best12. ;
178         format consulted___2 best12. ;
179         format consulted___3 best12. ;
180         format consulted___4 best12. ;
181         format consulted___5 best12. ;
182         format consulted___6 best12. ;
183         format consulted___7 best12. ;
184         format consulted___8 best12. ;
185         format consulted_other $1. ;
186         format num_primary best12. ;
187         format fte_primary best12. ;
188         format num_psych best12. ;
189         format fte_psych best12. ;
190         format num_bhav best12. ;
191         format fte_bhav best12. ;
192         format num_nursing best12. ;
193         format num_front_office best12. ;
194         format num_peer_pvdr best12. ;
195         format num_pharm best12. ;
196         format num_other best12. ;
197         format patient_visits_wk best12. ;
198         format patient_provider_day best12. ;
199         format inpatientcare best12. ;
200         format race_white best12. ;
201         format race_black best12. ;
202         format race_native best12. ;
203         format race_hawaiian best12. ;
204         format race_asian best12. ;
205         format race_other best12. ;
206         format race_unknown best12. ;
207         format hispanic best12. ;
208         format non_hispanic best12. ;
209         format hispanic_unknown best12. ;
210         format age_0_17 best12. ;
211         format age_18_39 best12. ;
212         format age_40_59 best12. ;
213         format age_60_75 best12. ;
214         format age_76up best12. ;
215         format age_unk best12. ;
216         format gender_male best12. ;
217         format gender_female best12. ;
218         format gender_nonbinary best12. ;
219         format gender_none best12. ;
220         format demog_data best12. ;
221         format underserved best12. ;
222         format registry___1 best12. ;
223         format registry___2 best12. ;
224         format registry___3 best12. ;
225         format registry___4 best12. ;
226         format registry___5 best12. ;
227         format registry___6 best12. ;
228         format registry___7 best12. ;
229         format registry___8 best12. ;
230         format registry___9 best12. ;
231         format registry_config best12. ;
232         format teamlearn_formal_train best12. ;
233         format teamlearn_how_train best12. ;
234         format teamlearn_name_training best12. ;
235         format teamlearn_name_train_specify $60. ;
236         format train_together best12. ;
237         format train_small_teams best12. ;
238         format train_idv best12. ;
239         format fast_practice_survey_complete best12. ;
240      input
241                  recordid
242                  prac_entity_split_id
243                  split_id_verify
244                  name  $
245                  zip
246                  state  $
247                  survey_dtd
248                  consulted___1
249                  consulted___2
250                  consulted___3
251                  consulted___4
252                  consulted___5
253                  consulted___6
254                  consulted___7
255                  consulted___8
256                  consulted_other  $
257                  num_primary
258                  fte_primary
259                  num_psych
260                  fte_psych
261                  num_bhav
262                  fte_bhav
263                  num_nursing
264                  num_front_office
265                  num_peer_pvdr
266                  num_pharm
267                  num_other
268                  patient_visits_wk
269                  patient_provider_day
270                  inpatientcare
271                  race_white
272                  race_black
273                  race_native
274                  race_hawaiian
275                  race_asian
276                  race_other
277                  race_unknown
278                  hispanic
279                  non_hispanic
280                  hispanic_unknown
281                  age_0_17
282                  age_18_39
283                  age_40_59
284                  age_60_75
285                  age_76up
286                  age_unk
287                  gender_male
288                  gender_female
289                  gender_nonbinary
290                  gender_none
291                  demog_data
292                  underserved
293                  registry___1
294                  registry___2
295                  registry___3
296                  registry___4
297                  registry___5
298                  registry___6
299                  registry___7
300                  registry___8
301                  registry___9
302                  registry_config
303                  teamlearn_formal_train
304                  teamlearn_how_train
305                  teamlearn_name_training
306                  teamlearn_name_train_specify  $
307                  train_together
308                  train_small_teams
309                  train_idv
310                  fast_practice_survey_complete
311      ;
312      if _ERROR_ then call symputx('_EFIERR_',1);  /* set ERROR detection macro variable */
313      run;

NOTE: The infile 'S:/FM/FM/Data_Management_Team/raw data/FASTPracticeSurvey_raw_20230120.csv' is:
      Filename=S:\FM\FM\Data_Management_Team\raw data\FASTPracticeSurvey_raw_20230120.csv,
      RECFM=V,LRECL=32767,File Size (bytes)=11367,
      Last Modified=20Jan2023:15:57:21,
      Create Time=20Jan2023:16:04:19

NOTE: 51 records were read from the infile 'S:/FM/FM/Data_Management_Team/raw
      data/FASTPracticeSurvey_raw_20230120.csv'.
      The minimum record length was 163.
      The maximum record length was 290.
NOTE: The data set WORK.SURVEY0 has 51 observations and 70 variables.
NOTE: DATA statement used (Total process time):
      real time           0.07 seconds
      cpu time            0.06 seconds


51 rows created in WORK.SURVEY0 from S:/FM/FM/Data_Management_Team/raw
data/FASTPracticeSurvey_raw_20230120.csv.



NOTE: WORK.SURVEY0 data set was successfully created.
NOTE: The data set WORK.SURVEY0 has 51 observations and 70 variables.
NOTE: PROCEDURE IMPORT used (Total process time):
      real time           0.27 seconds
      cpu time            0.10 seconds



314  proc sort data = survey0;
315  by practice_id;
ERROR: Variable PRACTICE_ID not found.
316  run;

NOTE: The SAS System stopped processing this step because of errors.
NOTE: PROCEDURE SORT used (Total process time):
      real time           0.00 seconds
      cpu time            0.00 seconds


317  proc sort data = survey0;
318  by practice_entity_split_id;
ERROR: Variable PRACTICE_ENTITY_SPLIT_ID not found.
319  run;

NOTE: The SAS System stopped processing this step because of errors.
NOTE: PROCEDURE SORT used (Total process time):
      real time           0.00 seconds
      cpu time            0.00 seconds


320  proc sort data = survey0;
321  by prac_entity_split_id;
322  run;

ERROR: You cannot open WORK.SURVEY0.DATA for output access with member-level control because
WORK.SURVEY0.DATA is in use by you in resource environment SORT.
NOTE: The SAS System stopped processing this step because of errors.
NOTE: PROCEDURE SORT used (Total process time):
      real time           0.00 seconds
      cpu time            0.00 seconds


323  proc sort data = survey0;
324  by prac_entity_split_id;
325  run;

NOTE: There were 51 observations read from the data set WORK.SURVEY0.
NOTE: The data set WORK.SURVEY0 has 51 observations and 70 variables.
NOTE: PROCEDURE SORT used (Total process time):
      real time           0.00 seconds
      cpu time            0.01 seconds


326  proc freq data = survey0;
327  tables prac_entity_split_id;
328  run;

NOTE: Writing HTML Body file: sashtml.htm
NOTE: There were 51 observations read from the data set WORK.SURVEY0.
NOTE: PROCEDURE FREQ used (Total process time):
      real time           0.45 seconds
      cpu time            0.34 seconds


329  PROC CONTENTS DATA = survey0; RUN;

NOTE: PROCEDURE CONTENTS used (Total process time):
      real time           0.04 seconds
      cpu time            0.01 seconds


330  DATA survey0;
331  SET  survey0 (DROP = prac_entity_split_id);
332  RUN;

NOTE: There were 51 observations read from the data set WORK.SURVEY0.
NOTE: The data set WORK.SURVEY0 has 51 observations and 69 variables.
NOTE: DATA statement used (Total process time):
      real time           0.00 seconds
      cpu time            0.00 seconds


333  PROC SORT DATA = survey0;
334  BY split_id_verify;
335  RUN;

NOTE: There were 51 observations read from the data set WORK.SURVEY0.
NOTE: The data set WORK.SURVEY0 has 51 observations and 69 variables.
NOTE: PROCEDURE SORT used (Total process time):
      real time           0.00 seconds
      cpu time            0.00 seconds


336  PROC FREQ DATA = survey0;
337  TABLES split_id_verify;
338  RUN;

NOTE: There were 51 observations read from the data set WORK.SURVEY0.
NOTE: PROCEDURE FREQ used (Total process time):
      real time           0.02 seconds
      cpu time            0.01 seconds


339  proc sql;
340  create table survey1 as
341  select split_id_verify      as PRACTICE_ID
342      , zip                   as ZIPCODE
343      , consulted___1         as SURVEY_CONSULT_CLINICIAN
344      , consulted___2         as SURVEY_CONSULT_BH
345      , consulted___3         as SURVEY_CONSULT_OTHER_CLINICAL
346      , consulted___4         as SURVEY_CONSULT_OFFICE_MANAGER
347      , consulted___5         as SURVEY_CONSULT_OFFICE_STAFF
348      , consulted___6         as SURVEY_CONSULT_PEER_PROVIDER
349      , consulted___7         as SURVEY_CONSULT_PHARMACIST
350      , consulted_other       as SURVEY_CONSULT_OTHER
351      , num_primary           as TOTAL_PRIMARY_CARE
352      , fte_primary           as FTE_PRIMARY_CARE
353      , num_psych             as TOTAL_PSYCH
354      , fte_psych             as FTE_PSYCH
355      , num_bhav              as TOTAL_BH
356      , fte_bhav              as FTE_BH
357      , num_nursing           as TOTAL_DIRECT_PT_CARE
358      , num_front_office      as TOTAL_OFFICE_STAFF
359      , num_peer_pvdr         as TOTAL_PEER_PROVIDERS
360      , num_pharm             as TOTAL_PHARMACIST
361      , num_other             as TOTAL_OTHER
362      , inpatientcare
363      , patient_provider_day  as PATIENT_DAILY_NUMBER
364      , race_white            as PERCENTAGE_WHITE
365      , race_black            as PERCENTAGE_BLACK
366      , race_native           as PERCENTAGE_AIAN
367      , race_asian            as PERCENTAGE_ASIAN
368      , race_hawaiian         as PERCENTAGE_NHPI
369      , race_other            as PERCENTAGE_OTHER_MIXED
370      , race_unknown          as PERCENTAGE_UNKNOWN
371      , hispanic              as HISPANIC_LATINX_PERCENT
372      , non_hispanic          as NON_HISPANIC_LATINX
373      , hispanic_unknown      as HISPANIC_LATINX_UNKNOWN
374      , age_0_17              as PATIENT_AGE_0_17
375      , age_18_39             as PATIENT_AGE_18_39
376      , age_40_59             as PATIENT_AGE_40_59
377      , age_60_75             as PATIENT_AGE_60_75
378      , age_76up              as PATIENT_AGE_76_OLDER
379      , gender_male           as GENDER_IDENTITY_MEN
380      , gender_female         as GENDER_IDENTITY_WOMEN
381      , gender_nonbinary      as GENDER_IDENTITY_NB
382      , gender_none           as GENDER_IDENTITY_UNKNOWN
383      , demog_data            as DATA_SOURCE
384  from survey0;
NOTE: Table WORK.SURVEY1 created, with 51 rows and 43 columns.

385  quit;
NOTE: PROCEDURE SQL used (Total process time):
      real time           0.04 seconds
      cpu time            0.01 seconds


385!       *49,43;

386  data survey2;
387  set  survey1;
388
389  if hispanic_latinx_unknown = 100 then ETHNICITY_COLLECTED = 0;
390      else ETHNICITY_COLLECTED = 1;
391
392  if GENDER_IDENTITY_UNKNOWN = 100 then GENDER_COLLECTED = 0;
393      else GENDER_COLLECTED = 1;
394
395  if PERCENTAGE_UNKNOWN = 100 then RACE_COLLECTED = 0;
396      else RACE_COLLECTED = 1;
397
398  Grantee = 'CO';
399
400  run;

NOTE: There were 51 observations read from the data set WORK.SURVEY1.
NOTE: The data set WORK.SURVEY2 has 51 observations and 47 variables.
NOTE: DATA statement used (Total process time):
      real time           0.00 seconds
      cpu time            0.00 seconds


401  PROC FREQ
402  DATA   = survey2;
403  TABLES inpatientcare;
404  RUN;

NOTE: There were 51 observations read from the data set WORK.SURVEY2.
NOTE: PROCEDURE FREQ used (Total process time):
      real time           0.02 seconds
      cpu time            0.01 seconds


405  DATA survey3;
406  SET  survey2;
407  IF inpatientcare = -1     THEN INPATIENT_ADMISSIONS = 3;
408  ELSE IF inpatientcare = 0 THEN INPATIENT_ADMISSIONS = 2;
409  ELSE IF inpatientcare = 1 THEN INPATIENT_ADMISSIONS = 1;
410  ELSE INPATIENT_ADMISSIONS = 999;
411  RUN;

NOTE: There were 51 observations read from the data set WORK.SURVEY2.
NOTE: The data set WORK.SURVEY3 has 51 observations and 48 variables.
NOTE: DATA statement used (Total process time):
      real time           0.00 seconds
      cpu time            0.00 seconds


412  PROC FREQ DATA = survey3;
413  TABLES inpatient:;
414  RUN;

NOTE: There were 51 observations read from the data set WORK.SURVEY3.
NOTE: PROCEDURE FREQ used (Total process time):
      real time           0.02 seconds
      cpu time            0.00 seconds


415
416  data survey4 (drop=inpatientcare);
417  set  survey3;
418  run;

NOTE: There were 51 observations read from the data set WORK.SURVEY3.
NOTE: The data set WORK.SURVEY4 has 51 observations and 47 variables.
NOTE: DATA statement used (Total process time):
      real time           0.01 seconds
      cpu time            0.00 seconds


418!      *49, 47;

419  data out.survey_20230123;
420  set  survey4;
421  run;

NOTE: There were 51 observations read from the data set WORK.SURVEY4.
NOTE: The data set OUT.SURVEY_20230123 has 51 observations and 47 variables.
NOTE: DATA statement used (Total process time):
      real time           0.08 seconds
      cpu time            0.00 seconds


422  proc sort data = out.survey; by practice_id; run;
ERROR: File OUT.SURVEY.DATA does not exist.

NOTE: The SAS System stopped processing this step because of errors.
NOTE: PROCEDURE SORT used (Total process time):
      real time           0.00 seconds
      cpu time            0.00 seconds



423  proc sort data = out.survey_20230123; by practice_id; run;

NOTE: There were 51 observations read from the data set OUT.SURVEY_20230123.
NOTE: The data set OUT.SURVEY_20230123 has 51 observations and 47 variables.
NOTE: PROCEDURE SORT used (Total process time):
      real time           0.10 seconds
      cpu time            0.01 seconds



424  proc freq data = out.survey_20230123;
425  run;

NOTE: There were 51 observations read from the data set OUT.SURVEY_20230123.
NOTE: PROCEDURE FREQ used (Total process time):
      real time           0.14 seconds
      cpu time            0.14 seconds


426  proc import
427          file = "&application."
SYMBOLGEN:  Macro variable APPLICATION resolves to S:/FM/FM/Data_Management_Team/raw
            data/FASTApplication_raw_20230120.csv
428          out = app0
429          dbms = csv replace;
430  run;

ERROR: Physical file does not exist, S:\FM\FM\Data_Management_Team\raw
data\FASTApplication_raw_20230120.csv.
ERROR: Import unsuccessful.  See SAS Log for details.
NOTE: The SAS System stopped processing this step because of errors.
NOTE: PROCEDURE IMPORT used (Total process time):
      real time           0.06 seconds
      cpu time            0.04 seconds

430!      *174, 23;


431  %let application = &raw/FASTApplication_raw_20230120.csv;
SYMBOLGEN:  Macro variable RAW resolves to S:/FM/FM/Data_Management_Team/raw data
432  proc import
433          file = "&application."
SYMBOLGEN:  Macro variable APPLICATION resolves to S:/FM/FM/Data_Management_Team/raw
            data/FASTApplication_raw_20230120.csv
434          out = app0
435          dbms = csv replace;
436  run;

ERROR: Physical file does not exist, S:\FM\FM\Data_Management_Team\raw
data\FASTApplication_raw_20230120.csv.
ERROR: Import unsuccessful.  See SAS Log for details.
NOTE: The SAS System stopped processing this step because of errors.
NOTE: PROCEDURE IMPORT used (Total process time):
      real time           0.02 seconds
      cpu time            0.03 seconds

436!      *174, 23;


437  %let application = &raw/FASTApplication_raw_20230123.csv;
SYMBOLGEN:  Macro variable RAW resolves to S:/FM/FM/Data_Management_Team/raw data
438  proc import
439          file = "&application."
SYMBOLGEN:  Macro variable APPLICATION resolves to S:/FM/FM/Data_Management_Team/raw
            data/FASTApplication_raw_20230123.csv
440          out = app0
441          dbms = csv replace;
442  run;

442!      *174, 23;
443   /**********************************************************************
444   *   PRODUCT:   SAS
445   *   VERSION:   9.4
446   *   CREATOR:   External File Interface
447   *   DATE:      23JAN23
448   *   DESC:      Generated SAS Datastep Code
449   *   TEMPLATE SOURCE:  (None Specified.)
450   ***********************************************************************/
451      data WORK.APP0    ;
452      %let _EFIERR_ = 0; /* set the ERROR detection macro variable */
453      infile 'S:/FM/FM/Data_Management_Team/raw data/FASTApplication_raw_20230123.csv' delimiter
453! = ',' MISSOVER DSD lrecl=32767 firstobs=2 ;
454         informat pcmh best32. ;
455         informat payermix_medicare best32. ;
456         informat payermix_medicaid best32. ;
457         informat payermix_dual best32. ;
458         informat payermix_private best32. ;
459         informat payermix_other best32. ;
460         informat payermix_noins_selfpay best32. ;
461         informat payermix_total best32. ;
462         informat fast_pto best32. ;
463         informat fast_application_complete best32. ;
464         informat type___1 best32. ;
465         informat type___2 best32. ;
466         informat type___3 best32. ;
467         informat type___4 best32. ;
468         informat type___5 best32. ;
469         informat type___6 best32. ;
470         informat type___7 best32. ;
471         informat type___8 best32. ;
472         informat type___9 best32. ;
473         informat type___10 best32. ;
474         informat type____777 best32. ;
475         informat record_id best32. ;
476         informat prac_entity_split_id best32. ;
477         format pcmh best12. ;
478         format payermix_medicare best12. ;
479         format payermix_medicaid best12. ;
480         format payermix_dual best12. ;
481         format payermix_private best12. ;
482         format payermix_other best12. ;
483         format payermix_noins_selfpay best12. ;
484         format payermix_total best12. ;
485         format fast_pto best12. ;
486         format fast_application_complete best12. ;
487         format type___1 best12. ;
488         format type___2 best12. ;
489         format type___3 best12. ;
490         format type___4 best12. ;
491         format type___5 best12. ;
492         format type___6 best12. ;
493         format type___7 best12. ;
494         format type___8 best12. ;
495         format type___9 best12. ;
496         format type___10 best12. ;
497         format type____777 best12. ;
498         format record_id best12. ;
499         format prac_entity_split_id best12. ;
500      input
501                  pcmh
502                  payermix_medicare
503                  payermix_medicaid
504                  payermix_dual
505                  payermix_private
506                  payermix_other
507                  payermix_noins_selfpay
508                  payermix_total
509                  fast_pto
510                  fast_application_complete
511                  type___1
512                  type___2
513                  type___3
514                  type___4
515                  type___5
516                  type___6
517                  type___7
518                  type___8
519                  type___9
520                  type___10
521                  type____777
522                  record_id
523                  prac_entity_split_id
524      ;
525      if _ERROR_ then call symputx('_EFIERR_',1);  /* set ERROR detection macro variable */
526      run;

NOTE: The infile 'S:/FM/FM/Data_Management_Team/raw data/FASTApplication_raw_20230123.csv' is:
      Filename=S:\FM\FM\Data_Management_Team\raw data\FASTApplication_raw_20230123.csv,
      RECFM=V,LRECL=32767,File Size (bytes)=10230,
      Last Modified=23Jan2023:12:06:21,
      Create Time=23Jan2023:12:06:21

NOTE: 176 records were read from the infile 'S:/FM/FM/Data_Management_Team/raw
      data/FASTApplication_raw_20230123.csv'.
      The minimum record length was 40.
      The maximum record length was 75.
NOTE: The data set WORK.APP0 has 176 observations and 23 variables.
NOTE: DATA statement used (Total process time):
      real time           0.03 seconds
      cpu time            0.01 seconds


176 rows created in WORK.APP0 from S:/FM/FM/Data_Management_Team/raw
data/FASTApplication_raw_20230123.csv.



NOTE: WORK.APP0 data set was successfully created.
NOTE: The data set WORK.APP0 has 176 observations and 23 variables.
NOTE: PROCEDURE IMPORT used (Total process time):
      real time           0.10 seconds
      cpu time            0.07 seconds



527  PROC CONTENTS DATA = app0;
528  RUN;

NOTE: PROCEDURE CONTENTS used (Total process time):
      real time           0.01 seconds
      cpu time            0.00 seconds


529  PROC FREQ
530  DATA   = app0;
531  TABLES prac_entity_split_id;
532  RUN;

NOTE: There were 176 observations read from the data set WORK.APP0.
NOTE: PROCEDURE FREQ used (Total process time):
      real time           0.03 seconds
      cpu time            0.03 seconds


533  proc import
534          file = "&application."
SYMBOLGEN:  Macro variable APPLICATION resolves to S:/FM/FM/Data_Management_Team/raw
            data/FASTApplication_raw_20230123.csv
535          out = app0
536          dbms = csv replace;
537  run;

537!      *174, 23;
538   /**********************************************************************
539   *   PRODUCT:   SAS
540   *   VERSION:   9.4
541   *   CREATOR:   External File Interface
542   *   DATE:      23JAN23
543   *   DESC:      Generated SAS Datastep Code
544   *   TEMPLATE SOURCE:  (None Specified.)
545   ***********************************************************************/
546      data WORK.APP0    ;
547      %let _EFIERR_ = 0; /* set the ERROR detection macro variable */
548      infile 'S:/FM/FM/Data_Management_Team/raw data/FASTApplication_raw_20230123.csv' delimiter
548! = ',' MISSOVER DSD lrecl=32767 firstobs=2 ;
549         informat pcmh best32. ;
550         informat payermix_medicare best32. ;
551         informat payermix_medicaid best32. ;
552         informat payermix_dual best32. ;
553         informat payermix_private best32. ;
554         informat payermix_other best32. ;
555         informat payermix_noins_selfpay best32. ;
556         informat payermix_total best32. ;
557         informat fast_pto best32. ;
558         informat fast_application_complete best32. ;
559         informat type___1 best32. ;
560         informat type___2 best32. ;
561         informat type___3 best32. ;
562         informat type___4 best32. ;
563         informat type___5 best32. ;
564         informat type___6 best32. ;
565         informat type___7 best32. ;
566         informat type___8 best32. ;
567         informat type___9 best32. ;
568         informat type___10 best32. ;
569         informat type____777 best32. ;
570         informat record_id best32. ;
571         informat prac_entity_split_id best32. ;
572         format pcmh best12. ;
573         format payermix_medicare best12. ;
574         format payermix_medicaid best12. ;
575         format payermix_dual best12. ;
576         format payermix_private best12. ;
577         format payermix_other best12. ;
578         format payermix_noins_selfpay best12. ;
579         format payermix_total best12. ;
580         format fast_pto best12. ;
581         format fast_application_complete best12. ;
582         format type___1 best12. ;
583         format type___2 best12. ;
584         format type___3 best12. ;
585         format type___4 best12. ;
586         format type___5 best12. ;
587         format type___6 best12. ;
588         format type___7 best12. ;
589         format type___8 best12. ;
590         format type___9 best12. ;
591         format type___10 best12. ;
592         format type____777 best12. ;
593         format record_id best12. ;
594         format prac_entity_split_id best12. ;
595      input
596                  pcmh
597                  payermix_medicare
598                  payermix_medicaid
599                  payermix_dual
600                  payermix_private
601                  payermix_other
602                  payermix_noins_selfpay
603                  payermix_total
604                  fast_pto
605                  fast_application_complete
606                  type___1
607                  type___2
608                  type___3
609                  type___4
610                  type___5
611                  type___6
612                  type___7
613                  type___8
614                  type___9
615                  type___10
616                  type____777
617                  record_id
618                  prac_entity_split_id
619      ;
620      if _ERROR_ then call symputx('_EFIERR_',1);  /* set ERROR detection macro variable */
621      run;

NOTE: The infile 'S:/FM/FM/Data_Management_Team/raw data/FASTApplication_raw_20230123.csv' is:
      Filename=S:\FM\FM\Data_Management_Team\raw data\FASTApplication_raw_20230123.csv,
      RECFM=V,LRECL=32767,File Size (bytes)=10230,
      Last Modified=23Jan2023:12:06:21,
      Create Time=23Jan2023:12:06:21

NOTE: 176 records were read from the infile 'S:/FM/FM/Data_Management_Team/raw
      data/FASTApplication_raw_20230123.csv'.
      The minimum record length was 40.
      The maximum record length was 75.
NOTE: The data set WORK.APP0 has 176 observations and 23 variables.
NOTE: DATA statement used (Total process time):
      real time           0.03 seconds
      cpu time            0.04 seconds


176 rows created in WORK.APP0 from S:/FM/FM/Data_Management_Team/raw
data/FASTApplication_raw_20230123.csv.



NOTE: WORK.APP0 data set was successfully created.
NOTE: The data set WORK.APP0 has 176 observations and 23 variables.
NOTE: PROCEDURE IMPORT used (Total process time):
      real time           0.19 seconds
      cpu time            0.14 seconds



622
623  proc sql;
624  create table app1 as
625  select PRAC_ENTITY_SPLIT_ID AS PRACTICE_ID
626       , PAYERMIX_MEDICARE as PAYER_PERCENTAGE_MEDICARE
627       , PAYERMIX_MEDICAID as PAYER_PERCENTAGE_MEDICAID
628       , PAYERMIX_DUAL as PAYER_PERCENTAGE_DUAL
629       , PAYERMIX_PRIVATE as PAYER_PERCENTAGE_PRIVATE
630       , PAYERMIX_NOINS_SELFPAY as PAYER_PERCENTAGE_NO_INSURANCE
631       , PAYERMIX_OTHER as PAYER_PERCENTAGE_OTHER
632       , type___1 as PRACTICE_OWNERSHIP_SOLO_GROUP
633       , type___2 as PRACTICE_OWNERSHIP_HOSPITAL
634       , type___3 as PRACTICE_OWNERSHIP_HMO
635       , type___4 as PRACTICE_OWNERSHIP_FQHC
636       , type___6 as PRACTICE_OWNERSHIP_NONFED_GVMT
637       , type___7 as PRACTICE_OWNERSHIP_ACADEMIC
638       , type___8 as PRACTICE_OWNERSHIP_FEDERAL
639       , type___9 as PRACTICE_OWNERSHIP_RURAL
640       , type___10 as PRACTICE_OWNERSHIP_IHS
641       , type____777 as PRACTICE_OWNERSHIP_OTHER
642       , FAST_APPLICATION_COMPLETE
643       , PCMH
644  from app0
645  where fast_application_complete = 2 ;
NOTE: Table WORK.APP1 created, with 173 rows and 19 columns.

646  quit;
NOTE: PROCEDURE SQL used (Total process time):
      real time           0.01 seconds
      cpu time            0.00 seconds


647  DATA APP1 ( WHERE = ( practice_id ne . ) );
648  SET  app1;
649  RUN;

NOTE: There were 173 observations read from the data set WORK.APP1.
NOTE: The data set WORK.APP1 has 172 observations and 19 variables.
NOTE: DATA statement used (Total process time):
      real time           0.00 seconds
      cpu time            0.00 seconds


650  proc sql;
651  select distinct practice_id into :pracid separated by ', '
652      from out.survey;
ERROR: File OUT.SURVEY.DATA does not exist.
653  quit;
NOTE: The SAS System stopped processing this step because of errors.
NOTE: PROCEDURE SQL used (Total process time):
      real time           0.00 seconds
      cpu time            0.00 seconds


654  proc sql;
655  select distinct practice_id into :pracid separated by ', '
656      from out.survey_20230123;
657  quit;
NOTE: PROCEDURE SQL used (Total process time):
      real time           0.04 seconds
      cpu time            0.01 seconds


658  proc sql;
659  create table app2 as
660      select *
661      from app1
662      where practice_id in (&pracid.);
SYMBOLGEN:  Macro variable PRACID resolves to 30, 35, 100, 122, 140, 141, 143, 148, 153, 2067,
            2070, 2117, 2120, 2123, 2133, 2134, 2135, 2164, 2226, 2359, 2415, 2429, 2569, 2576,
            2586, 2588, 2590, 2595, 2599, 2600, 2601, 2638, 2640, 2645, 3106, 3247, 3255, 3256,
            3321, 3349, 3355, 3377, 3397, 3430, 3487, 3488, 3490, 3492, 3493, 3498, 3499
NOTE: Table WORK.APP2 created, with 51 rows and 19 columns.

663  quit;
NOTE: PROCEDURE SQL used (Total process time):
      real time           0.00 seconds
      cpu time            0.01 seconds


663!       *44, 18;

664  proc freq data = app2;
665  tables practice_id;
666  run;

NOTE: There were 51 observations read from the data set WORK.APP2.
NOTE: PROCEDURE FREQ used (Total process time):
      real time           0.02 seconds
      cpu time            0.00 seconds


667  proc sql;
668  create table app3 as
669      select *
670      from app1
671      where practice_id in ( SELECT practice_id FROM out.survey_20230123 );
NOTE: Table WORK.APP3 created, with 51 rows and 19 columns.

672  quit;
NOTE: PROCEDURE SQL used (Total process time):
      real time           0.03 seconds
      cpu time            0.01 seconds


673
674  proc sql;
675  create table app2 as
676      select *
677      from app1
678      where practice_id in ( SELECT practice_id FROM out.survey_20230123 );
NOTE: Table WORK.APP2 created, with 51 rows and 19 columns.

679  quit;
NOTE: PROCEDURE SQL used (Total process time):
      real time           0.02 seconds
      cpu time            0.00 seconds


679!       *jan [51, 19] aug[44, 18];

680  proc freq data = app2;
681  tables practice_id;
682  run;

NOTE: There were 51 observations read from the data set WORK.APP2.
NOTE: PROCEDURE FREQ used (Total process time):
      real time           0.02 seconds
      cpu time            0.01 seconds


683  data app3 (drop=fast_application_complete);
684  set  app2;
685  run;

NOTE: There were 51 observations read from the data set WORK.APP2.
NOTE: The data set WORK.APP3 has 51 observations and 18 variables.
NOTE: DATA statement used (Total process time):
      real time           0.01 seconds
      cpu time            0.01 seconds


686  data out.app_20230123;
687  set  app3;
688  run;

NOTE: There were 51 observations read from the data set WORK.APP3.
NOTE: The data set OUT.APP_20230123 has 51 observations and 18 variables.
NOTE: DATA statement used (Total process time):
      real time           0.07 seconds
      cpu time            0.01 seconds


689  proc sql;
690  create table survey_app as
691  select a.*
692      , b.*
693  from out.survey_20230123 as a
694  left join out.app_20230123 as b
695  on a.practice_id = b.practice_id;
WARNING: Variable PRACTICE_ID already exists on file WORK.SURVEY_APP.
NOTE: Table WORK.SURVEY_APP created, with 51 rows and 64 columns.

696  quit;
NOTE: PROCEDURE SQL used (Total process time):
      real time           0.05 seconds
      cpu time            0.01 seconds


697  proc sql;
698  select A
699  into :order separated by ' '
700  from out.survey_field_order;
701  quit;
NOTE: PROCEDURE SQL used (Total process time):
      real time           0.05 seconds
      cpu time            0.00 seconds


702  data survey_app2;
SYMBOLGEN:  Macro variable ORDER resolves to GRANTEE PRACTICE_ID ZIPCODE SURVEY_CONSULT_CLINICIAN
            SURVEY_CONSULT_BH SURVEY_CONSULT_OTHER_CLINICAL SURVEY_CONSULT_OFFICE_MANAGER
            SURVEY_CONSULT_OFFICE_STAFF SURVEY_CONSULT_PEER_PROVIDER SURVEY_CONSULT_PHARMACIST
            SURVEY_CONSULT_OTHER PRACTICE_OWNERSHIP_SOLO_GROUP PRACTICE_OWNERSHIP_HOSPITAL
            PRACTICE_OWNERSHIP_HMO PRACTICE_OWNERSHIP_FQHC PRACTICE_OWNERSHIP_NONFED_GVMT
            PRACTICE_OWNERSHIP_ACADEMIC PRACTICE_OWNERSHIP_FEDERAL PRACTICE_OWNERSHIP_RURAL
            PRACTICE_OWNERSHIP_IHS PRACTICE_OWNERSHIP_OTHER TOTAL_PRIMARY_CARE FTE_PRIMARY_CARE
            TOTAL_PSYCH FTE_PSYCH TOTAL_BH FTE_BH TOTAL_DIRECT_PT_CARE TOTAL_OFFICE_STAFF
            TOTAL_PEER_PROVIDERS TOTAL_PHARMACIST TOTAL_OTHER INPATIENT_ADMISSIONS PCMH
            PATIENT_DAILY_NUMBER RACE_COLLECTED PERCENTAGE_WHITE PERCENTAGE_BLACK PERCENTAGE_AIAN
            PERCENTAGE_ASIAN PERCENTAGE_NHPI PERCENTAGE_OTHER_MIXED PERCENTAGE_UNKNOWN
            ETHNICITY_COLLECTED HISPANIC_LATINX_PERCENT NON_HISPANIC_LATINX HISPANIC_LATINX_UNKNOWN
            PATIENT_AGE_0_17 PATIENT_AGE_18_39 PATIENT_AGE_40_59 PATIENT_AGE_60_75
            PATIENT_AGE_76_OLDER GENDER_COLLECTED GENDER_IDENTITY_MEN GENDER_IDENTITY_WOMEN
            GENDER_IDENTITY_NB GENDER_IDENTITY_UNKNOWN PAYER_PERCENTAGE_MEDICARE
            PAYER_PERCENTAGE_MEDICAID PAYER_PERCENTAGE_DUAL PAYER_PERCENTAGE_PRIVATE
            PAYER_PERCENTAGE_NO_INSURANCE PAYER_PERCENTAGE_OTHER DATA_SOURCE
703  retain &order.;
704  set  survey_app1;
ERROR: File WORK.SURVEY_APP1.DATA does not exist.
705  run;

NOTE: The SAS System stopped processing this step because of errors.
WARNING: The data set WORK.SURVEY_APP2 may be incomplete.  When this step was stopped there were 0
         observations and 64 variables.
NOTE: DATA statement used (Total process time):
      real time           0.00 seconds
      cpu time            0.00 seconds


706  data survey_app2;
SYMBOLGEN:  Macro variable ORDER resolves to GRANTEE PRACTICE_ID ZIPCODE SURVEY_CONSULT_CLINICIAN
            SURVEY_CONSULT_BH SURVEY_CONSULT_OTHER_CLINICAL SURVEY_CONSULT_OFFICE_MANAGER
            SURVEY_CONSULT_OFFICE_STAFF SURVEY_CONSULT_PEER_PROVIDER SURVEY_CONSULT_PHARMACIST
            SURVEY_CONSULT_OTHER PRACTICE_OWNERSHIP_SOLO_GROUP PRACTICE_OWNERSHIP_HOSPITAL
            PRACTICE_OWNERSHIP_HMO PRACTICE_OWNERSHIP_FQHC PRACTICE_OWNERSHIP_NONFED_GVMT
            PRACTICE_OWNERSHIP_ACADEMIC PRACTICE_OWNERSHIP_FEDERAL PRACTICE_OWNERSHIP_RURAL
            PRACTICE_OWNERSHIP_IHS PRACTICE_OWNERSHIP_OTHER TOTAL_PRIMARY_CARE FTE_PRIMARY_CARE
            TOTAL_PSYCH FTE_PSYCH TOTAL_BH FTE_BH TOTAL_DIRECT_PT_CARE TOTAL_OFFICE_STAFF
            TOTAL_PEER_PROVIDERS TOTAL_PHARMACIST TOTAL_OTHER INPATIENT_ADMISSIONS PCMH
            PATIENT_DAILY_NUMBER RACE_COLLECTED PERCENTAGE_WHITE PERCENTAGE_BLACK PERCENTAGE_AIAN
            PERCENTAGE_ASIAN PERCENTAGE_NHPI PERCENTAGE_OTHER_MIXED PERCENTAGE_UNKNOWN
            ETHNICITY_COLLECTED HISPANIC_LATINX_PERCENT NON_HISPANIC_LATINX HISPANIC_LATINX_UNKNOWN
            PATIENT_AGE_0_17 PATIENT_AGE_18_39 PATIENT_AGE_40_59 PATIENT_AGE_60_75
            PATIENT_AGE_76_OLDER GENDER_COLLECTED GENDER_IDENTITY_MEN GENDER_IDENTITY_WOMEN
            GENDER_IDENTITY_NB GENDER_IDENTITY_UNKNOWN PAYER_PERCENTAGE_MEDICARE
            PAYER_PERCENTAGE_MEDICAID PAYER_PERCENTAGE_DUAL PAYER_PERCENTAGE_PRIVATE
            PAYER_PERCENTAGE_NO_INSURANCE PAYER_PERCENTAGE_OTHER DATA_SOURCE
707  retain &order.;
708  set  survey_app;
709  run;

NOTE: There were 51 observations read from the data set WORK.SURVEY_APP.
NOTE: The data set WORK.SURVEY_APP2 has 51 observations and 64 variables.
NOTE: DATA statement used (Total process time):
      real time           0.01 seconds
      cpu time            0.01 seconds


710  data out.survey_baseline_20230123;
711  set  survey_app2;
712  run;

NOTE: There were 51 observations read from the data set WORK.SURVEY_APP2.
NOTE: The data set OUT.SURVEY_BASELINE_20230123 has 51 observations and 64 variables.
NOTE: DATA statement used (Total process time):
      real time           0.06 seconds
      cpu time            0.00 seconds


712!      *44;

713  data out.app_20230123;
714  set  app3;
715  run;

NOTE: There were 51 observations read from the data set WORK.APP3.
NOTE: The data set OUT.APP_20230123 has 51 observations and 18 variables.
NOTE: DATA statement used (Total process time):
      real time           0.12 seconds
      cpu time            0.03 seconds


715!      *jan[51, 18] aug[44, 17];

716
717  data out.survey_baseline_20230123;
718  set  survey_app2;
719  run;

NOTE: There were 51 observations read from the data set WORK.SURVEY_APP2.
NOTE: The data set OUT.SURVEY_BASELINE_20230123 has 51 observations and 64 variables.
NOTE: DATA statement used (Total process time):
      real time           0.10 seconds
      cpu time            0.00 seconds


719!      *44;

720  * Export files;
721  proc export data = out.survey_baseline
722      outfile = "&out/survey_baseline_&datestamp"
SYMBOLGEN:  Macro variable OUT resolves to S:/FM/FM/Data_Management_Team/norc/04_data
SYMBOLGEN:  Macro variable DATESTAMP resolves to 20230123
723      dbms=xlsx replace;
724  run;

ERROR: File OUT.SURVEY_BASELINE.DATA does not exist.
NOTE: The SAS System stopped processing this step because of errors.
NOTE: PROCEDURE EXPORT used (Total process time):
      real time           0.01 seconds
      cpu time            0.00 seconds


725  proc export data = out.survey_baseline_20230123
726      outfile = "&out/survey_baseline_&datestamp"
SYMBOLGEN:  Macro variable OUT resolves to S:/FM/FM/Data_Management_Team/norc/04_data
SYMBOLGEN:  Macro variable DATESTAMP resolves to 20230123
727      dbms=xlsx replace;
728  run;

NOTE: The export data set has 51 observations and 64 variables.
NOTE: "S:\FM\FM\Data_Management_Team\norc\04_data\survey_baseline_20230123.xlsx" file was
      successfully created.
NOTE: PROCEDURE EXPORT used (Total process time):
      real time           0.12 seconds
      cpu time            0.00 seconds


729
730  * delete BAK files created by PROC EXPORT;
731  filename bak "&norc/survey_baseline_20230123.xlsx.bak";
WARNING: Apparent symbolic reference NORC not resolved.
732
733  data _null_;
734   rc = fdelete("bak");
735  run;

NOTE: DATA statement used (Total process time):
      real time           0.01 seconds
      cpu time            0.01 seconds


736
737  filename bak clear;
NOTE: Fileref BAK has been deassigned.

738  proc contents data = out.survey_baseline_20230123;
739  run;

NOTE: PROCEDURE CONTENTS used (Total process time):
      real time           0.04 seconds
      cpu time            0.01 seconds


740
741  proc print data = out.survey_baseline_20230123;
742  run;

NOTE: There were 51 observations read from the data set OUT.SURVEY_BASELINE_20230123.
NOTE: PROCEDURE PRINT used (Total process time):
      real time           0.09 seconds
      cpu time            0.07 seconds


